
   INFO  Server running on [http://127.0.0.1:8001].  

  Press Ctrl+C to stop the server

  2025-06-12 16:28:58 / ............................................ ~ 0.07ms
  Warning: Failed to load DuckDB extension 'httpfs': Query failed: IO Error: Can't find the home directory at ''
  Specify a home directory using the SET home_directory='/path/to/dir' option.
  Warning: Failed to load DuckDB extension 'parquet': Query failed: IO Error: Can't find the home directory at ''
  Specify a home directory using the SET home_directory='/path/to/dir' option.
  Warning: Failed to load DuckDB extension 'json': Query failed: IO Error: Can't find the home directory at ''
  Specify a home directory using the SET home_directory='/path/to/dir' option.
  Warning: Failed to load DuckDB extension 'csv': Query failed: IO Error: Can't find the home directory at ''
  Specify a home directory using the SET home_directory='/path/to/dir' option.
  Warning: Failed to load DuckDB extension 'icu': Query failed: IO Error: Can't find the home directory at ''
  Specify a home directory using the SET home_directory='/path/to/dir' option.
  Warning: Failed to load DuckDB extension 'fts': Query failed: IO Error: Can't find the home directory at ''
  Specify a home directory using the SET home_directory='/path/to/dir' option.
  2025-06-12 16:29:03 /dashboard ....................................... ~ 1s
  Warning: Failed to load DuckDB extension 'httpfs': Query failed: IO Error: Can't find the home directory at ''
  Specify a home directory using the SET home_directory='/path/to/dir' option.
  Warning: Failed to load DuckDB extension 'parquet': Query failed: IO Error: Can't find the home directory at ''
  Specify a home directory using the SET home_directory='/path/to/dir' option.
  Warning: Failed to load DuckDB extension 'json': Query failed: IO Error: Can't find the home directory at ''
  Specify a home directory using the SET home_directory='/path/to/dir' option.
  Warning: Failed to load DuckDB extension 'csv': Query failed: IO Error: Can't find the home directory at ''
  Specify a home directory using the SET home_directory='/path/to/dir' option.
  Warning: Failed to load DuckDB extension 'icu': Query failed: IO Error: Can't find the home directory at ''
  Specify a home directory using the SET home_directory='/path/to/dir' option.
  Warning: Failed to load DuckDB extension 'fts': Query failed: IO Error: Can't find the home directory at ''
  Specify a home directory using the SET home_directory='/path/to/dir' option.
  2025-06-12 16:29:08 /dashboard ....................................... ~ 1s
  Warning: Failed to load DuckDB extension 'httpfs': Query failed: IO Error: Can't find the home directory at ''
  Specify a home directory using the SET home_directory='/path/to/dir' option.
  Warning: Failed to load DuckDB extension 'parquet': Query failed: IO Error: Can't find the home directory at ''
  Specify a home directory using the SET home_directory='/path/to/dir' option.
  Warning: Failed to load DuckDB extension 'json': Query failed: IO Error: Can't find the home directory at ''
  Specify a home directory using the SET home_directory='/path/to/dir' option.
  Warning: Failed to load DuckDB extension 'csv': Query failed: IO Error: Can't find the home directory at ''
  Specify a home directory using the SET home_directory='/path/to/dir' option.
  Warning: Failed to load DuckDB extension 'icu': Query failed: IO Error: Can't find the home directory at ''
  Specify a home directory using the SET home_directory='/path/to/dir' option.
  Warning: Failed to load DuckDB extension 'fts': Query failed: IO Error: Can't find the home directory at ''
  Specify a home directory using the SET home_directory='/path/to/dir' option.
  2025-06-12 16:29:13 /dashboard ....................................... ~ 1s
  Warning: Failed to load DuckDB extension 'httpfs': Query failed: IO Error: Can't find the home directory at ''
  Specify a home directory using the SET home_directory='/path/to/dir' option.
  Warning: Failed to load DuckDB extension 'parquet': Query failed: IO Error: Can't find the home directory at ''
  Specify a home directory using the SET home_directory='/path/to/dir' option.
  Warning: Failed to load DuckDB extension 'json': Query failed: IO Error: Can't find the home directory at ''
  Specify a home directory using the SET home_directory='/path/to/dir' option.
  Warning: Failed to load DuckDB extension 'csv': Query failed: IO Error: Can't find the home directory at ''
  Specify a home directory using the SET home_directory='/path/to/dir' option.
  Warning: Failed to load DuckDB extension 'icu': Query failed: IO Error: Can't find the home directory at ''
  Specify a home directory using the SET home_directory='/path/to/dir' option.
  Warning: Failed to load DuckDB extension 'fts': Query failed: IO Error: Can't find the home directory at ''
  Specify a home directory using the SET home_directory='/path/to/dir' option.
  2025-06-12 16:29:18 /dashboard ....................................... ~ 1s
  Warning: Failed to load DuckDB extension 'httpfs': Query failed: IO Error: Can't find the home directory at ''
  Specify a home directory using the SET home_directory='/path/to/dir' option.
  Warning: Failed to load DuckDB extension 'parquet': Query failed: IO Error: Can't find the home directory at ''
  Specify a home directory using the SET home_directory='/path/to/dir' option.
  Warning: Failed to load DuckDB extension 'json': Query failed: IO Error: Can't find the home directory at ''
  Specify a home directory using the SET home_directory='/path/to/dir' option.
  Warning: Failed to load DuckDB extension 'csv': Query failed: IO Error: Can't find the home directory at ''
  Specify a home directory using the SET home_directory='/path/to/dir' option.
  Warning: Failed to load DuckDB extension 'icu': Query failed: IO Error: Can't find the home directory at ''
  Specify a home directory using the SET home_directory='/path/to/dir' option.
  Warning: Failed to load DuckDB extension 'fts': Query failed: IO Error: Can't find the home directory at ''
  Specify a home directory using the SET home_directory='/path/to/dir' option.
  2025-06-12 16:29:23 /dashboard ....................................... ~ 1s
  Warning: Failed to load DuckDB extension 'httpfs': Query failed: IO Error: Can't find the home directory at ''
  Specify a home directory using the SET home_directory='/path/to/dir' option.
  Warning: Failed to load DuckDB extension 'parquet': Query failed: IO Error: Can't find the home directory at ''
  Specify a home directory using the SET home_directory='/path/to/dir' option.
  Warning: Failed to load DuckDB extension 'json': Query failed: IO Error: Can't find the home directory at ''
  Specify a home directory using the SET home_directory='/path/to/dir' option.
  Warning: Failed to load DuckDB extension 'csv': Query failed: IO Error: Can't find the home directory at ''
  Specify a home directory using the SET home_directory='/path/to/dir' option.
  Warning: Failed to load DuckDB extension 'icu': Query failed: IO Error: Can't find the home directory at ''
  Specify a home directory using the SET home_directory='/path/to/dir' option.
  Warning: Failed to load DuckDB extension 'fts': Query failed: IO Error: Can't find the home directory at ''
  Specify a home directory using the SET home_directory='/path/to/dir' option.
  2025-06-12 16:29:29 /dashboard ....................................... ~ 1s
  Warning: Failed to load DuckDB extension 'httpfs': Query failed: IO Error: Can't find the home directory at ''
  Specify a home directory using the SET home_directory='/path/to/dir' option.
  Warning: Failed to load DuckDB extension 'parquet': Query failed: IO Error: Can't find the home directory at ''
  Specify a home directory using the SET home_directory='/path/to/dir' option.
  Warning: Failed to load DuckDB extension 'json': Query failed: IO Error: Can't find the home directory at ''
  Specify a home directory using the SET home_directory='/path/to/dir' option.
  Warning: Failed to load DuckDB extension 'csv': Query failed: IO Error: Can't find the home directory at ''
  Specify a home directory using the SET home_directory='/path/to/dir' option.
  Warning: Failed to load DuckDB extension 'icu': Query failed: IO Error: Can't find the home directory at ''
  Specify a home directory using the SET home_directory='/path/to/dir' option.
  Warning: Failed to load DuckDB extension 'fts': Query failed: IO Error: Can't find the home directory at ''
  Specify a home directory using the SET home_directory='/path/to/dir' option.
  2025-06-12 16:31:04 /dashboard ....................................... ~ 1s
